<?xml version="1.0" encoding="UTF-8"?>
<!-- Generated by org.testng.reporters.JUnitReportReporter -->
<testsuite skipped="0" hostname="LAPTOP-GE18PNUJ" name="qaclickacademy.Mavenjava.RESTAPITest" tests="2" failures="0" timestamp="10 Dec 2020 12:43:19 GMT" time="0.001" errors="0">
  <testcase name="postJira" time="0.000" classname="qaclickacademy.Mavenjava.RESTAPITest"/>
  <testcase name="deleteTwiter" time="0.001" classname="qaclickacademy.Mavenjava.RESTAPITest"/>
</testsuite> <!-- qaclickacademy.Mavenjava.RESTAPITest -->
