<?xml version="1.0" encoding="UTF-8"?>
<!-- Generated by org.testng.reporters.JUnitReportReporter -->
<testsuite skipped="0" hostname="LAPTOP-GE18PNUJ" name="qaclickacademy.Mavenjava.AppiumTest" tests="2" failures="0" timestamp="10 Dec 2020 12:43:19 GMT" time="0.010" errors="0">
  <testcase name="IOSApps" time="0.005" classname="qaclickacademy.Mavenjava.AppiumTest"/>
  <testcase name="NativeAPpAndroid" time="0.005" classname="qaclickacademy.Mavenjava.AppiumTest"/>
</testsuite> <!-- qaclickacademy.Mavenjava.AppiumTest -->
